Not searching for unused variables given on the command line.
[36m--[0m PX4 version: v1.13.0-alpha1-3016-g6a60fba96d
[36m--[0m Found PythonInterp: /usr/bin/python3.8 (found version "3.8.10")
[36m--[0m PX4 config file: /home/umang/drone_ws/src/PX4-Autopilot/boards/px4/sitl/default.px4board
[36m--[0m PLATFORM posix
[36m--[0m ROMFSROOT px4fmu_common
[36m--[0m TESTING y
[36m--[0m ETHERNET y
[36m--[0m PX4 config: px4_sitl_default
[36m--[0m PX4 platform: posix
[36m--[0m PX4 lockstep: enabled
[36m--[0m cmake build type: RelWithDebInfo
[36m--[0m The CXX compiler identification is GNU 9.3.0
[36m--[0m The C compiler identification is GNU 9.3.0
[36m--[0m The ASM compiler identification is GNU
[36m--[0m Found assembler: /usr/bin/cc
[36m--[0m Check for working CXX compiler: /usr/bin/c++
[36m--[0m Check for working CXX compiler: /usr/bin/c++ -- works
[36m--[0m Detecting CXX compiler ABI info
[36m--[0m Detecting CXX compiler ABI info - done
[36m--[0m Detecting CXX compile features
[36m--[0m Detecting CXX compile features - done
[36m--[0m Check for working C compiler: /usr/bin/cc
[36m--[0m Check for working C compiler: /usr/bin/cc -- works
[36m--[0m Detecting C compiler ABI info
[36m--[0m Detecting C compiler ABI info - done
[36m--[0m Detecting C compile features
[36m--[0m Detecting C compile features - done
[36m--[0m Building for code coverage
[36m--[0m catkin ENABLED
[36m--[0m Using CATKIN_DEVEL_PREFIX: /home/umang/drone_ws/devel/.private/px4
[36m--[0m Using CMAKE_PREFIX_PATH: /home/umang/drone_ws/devel;/home/umang/catkin_ws/devel;/opt/ros/noetic
[36m--[0m This workspace overlays: /home/umang/drone_ws/devel;/home/umang/catkin_ws/devel;/opt/ros/noetic
[36m--[0m Found PythonInterp: /usr/bin/python3.8 (found suitable version "3.8.10", minimum required is "3")
[36m--[0m Using PYTHON_EXECUTABLE: /usr/bin/python3.8
[36m--[0m Using Debian Python package layout
[36m--[0m Found PY_em: /usr/lib/python3/dist-packages/em.py
[36m--[0m Using empy: /usr/lib/python3/dist-packages/em.py
[36m--[0m Using CATKIN_ENABLE_TESTING: ON
[36m--[0m Call enable_testing()
[36m--[0m Using CATKIN_TEST_RESULTS_DIR: /home/umang/drone_ws/build/px4/test_results
[36m--[0m Forcing gtest/gmock from source, though one was otherwise available.
[36m--[0m Found gtest sources under '/usr/src/googletest': gtests will be built
[36m--[0m Found gmock sources under '/usr/src/googletest': gmock will be built
[36m--[0m Found PythonInterp: /usr/bin/python3.8 (found version "3.8.10")
[36m--[0m Found Threads: TRUE
[36m--[0m Using Python nosetests: /usr/bin/nosetests3
[36m--[0m catkin 0.8.10
[36m--[0m BUILD_SHARED_LIBS is off
[36m--[0m ROMFS: ROMFS/px4fmu_common
[36m--[0m Configuring done
[36m--[0m Generating done
[36m--[0m Build files have been written to: /home/umang/drone_ws/build/px4
