[  1%] Built target mixer_gen
[  1%] Built target mixer_gen_6dof
[  1%] Built target git_mavlink_v2
[  1%] Built target output_functions_header
[  2%] Built target mavlink_c_generate
[  2%] Built target parameters_xml
[  2%] Built target flighttasks_generated
[  2%] [34m[1mGenerating ../../logs[0m
[  2%] Built target logs_symlink
[  2%] Built target uorb_headers
[  3%] Built target events_header
[  4%] Built target tinybson
[  5%] Built target drivers_board
[  5%] Built target ver_gen
[  5%] Built target git_gps_devices
[  5%] Built target events_json
[  5%] Built target wind_estimator
[  5%] Built target world_magnetic_model
[  7%] Built target work_queue
[  7%] Built target version
[  7%] Built target output_limit
[  7%] Built target component_general_json
[  7%] Built target perf
[  7%] Built target geo
[  7%] Built target MixerBase
[  8%] Built target romfs_gen_files_target
[  8%] Built target SimpleMixer
[  8%] Built target NullMixer
[  9%] Built target rc
[  9%] Built target HelicopterMixer
[ 10%] Built target MultirotorMixer
[ 10%] Built target mixer
[ 30%] Built target uorb_msgs
[ 31%] Built target parameters
[ 31%] Built target px4_work_queue
[ 32%] Built target uORB
[ 34%] Built target px4_platform
[ 34%] Built target lockstep_scheduler
[ 35%] Built target px4_daemon
[ 35%] Built target px4_layer
[ 35%] Built target cdev
[ 35%] Built target airspeed
[ 35%] Built target hysteresis
[ 36%] Built target battery
[ 36%] Built target l1
[ 38%] Built target CollisionPrevention
[ 39%] Built target landing_slope
[ 39%] Built target bezier
[ 40%] Built target circuit_breaker
[ 40%] Built target tecs
[ 41%] Built target pid
[ 41%] Built target systemlib
[ 41%] Built target SystemIdentification
[ 41%] Built target mixer_module
[ 41%] Built target drivers_barometer
[ 41%] Built target mathlib
[ 41%] Built target conversion
[ 42%] Built target controllib
[ 43%] Built target motion_planning
[ 43%] Built target HealthFlags
[ 43%] Built target ArmAuthorization
[ 43%] Built target arch_tone_alarm
[ 44%] Built target WeatherVane
[ 44%] Built target EKF2Utility
[ 44%] Built target modules__events
[ 44%] Built target modules__dataman
[ 45%] Built target failure_detector
[ 45%] Built target modules__commander__commander_tests
[ 45%] Built target ControlAllocation
[ 45%] Built target fw_autotune_attitude_control
[ 46%] Built target modules__fw_att_control
[ 46%] Built target launchdetection
[ 46%] Built target runway_takeoff
[ 47%] Built target modules__gyro_fft
[ 47%] Built target module__manual_control
[ 47%] Built target modules__mag_bias_estimator
[ 47%] Built target FlightTask
[ 47%] Built target modules__gyro_calibration
[ 47%] Built target Takeoff
[ 48%] Built target modules__logger
[ 50%] Built target zero_order_hover_thrust_ekf
[ 51%] Built target modules__mavlink__mavlink_tests
[ 52%] Built target RateControl
[ 52%] Built target AttitudeControl
[ 52%] Built target PositionControl
[ 52%] Built target geofence_breach_avoidance
[ 53%] Built target mc_autotune_attitude_control
[ 54%] Built target modules__landing_target_estimator
[ 54%] Built target modules__load_mon
[ 54%] Built target data_validator
[ 54%] Built target modules__simulator__battery_simulator
[ 55%] Built target vehicle_air_data
[ 56%] Built target modules__land_detector
[ 57%] Built target modules__local_position_estimator
[ 58%] Built target modules__rc_update
[ 58%] Built target systemcmds__dyn
[ 59%] Built target modules__uuv_pos_control
[ 59%] Built target modules__uuv_att_control
[ 60%] Built target drivers__vmount
[ 60%] Built target vehicle_gps_position
[ 60%] Built target modules__rover_pos_control
[ 60%] Built target systemcmds__failure
[ 60%] Built target modules__vtol_att_control
[ 61%] Built target systemcmds__esc_calib
[ 63%] Built target modules__temperature_compensation
[ 63%] Built target systemcmds__perf
[ 63%] Built target systemcmds__motor_test
[ 64%] Built target systemcmds__motor_ramp
[ 64%] Built target systemcmds__param
[ 64%] Built target systemcmds__led_control
[ 64%] Built target systemcmds__mixer
[ 65%] Built target systemcmds__sd_bench
[ 65%] Built target systemcmds__pwm
[ 65%] Built target systemcmds__shutdown
[ 66%] Built target systemcmds__topic_listener
[ 66%] Built target systemcmds__system_time
[ 66%] Built target systemcmds__work_queue
[ 66%] Built target modules__fake_gps
[ 66%] Built target systemcmds__tests__hrt_test
[ 66%] Built target systemcmds__uorb
[ 66%] Built target systemcmds__ver
[ 66%] Built target examples__px4_mavlink_debug
[ 66%] Built target examples__hello
[ 66%] Built target examples__rover_steering_control
[ 67%] Built target examples__fixedwing_control
[ 68%] Built target examples__px4_simple_app
[ 68%] Built target examples__uuv_example_app
[ 72%] Built target systemcmds__tests
[ 72%] Built target examples__work_item
[ 73%] Built target lib__cdev__test__cdev_test
[ 73%] Built target avoidance
[ 73%] Built target drivers_magnetometer
[ 73%] Built target modules__replay
[ 73%] Built target drivers_gyroscope
[ 73%] Built target drivers_accelerometer
[ 73%] Built target modules__uORB__uORB_tests
[ 73%] Built target SlewRate
[ 73%] Built target lib__rc__rc_tests
[ 73%] Built target drivers__camera_trigger
[ 73%] Built target tunes
[ 75%] Built target lib__work_queue__test__wqueue_test
[ 76%] Built target sensor_calibration
[ 77%] Built target drivers__gps
[ 78%] Built target modules__airship_att_control
[ 78%] Built target examples__rpm_simulator
[ 78%] Built target modules__camera_feedback
[ 78%] Built target modules__airspeed_selector
[ 78%] Built target modules__attitude_estimator_q
[ 78%] Built target FlightTaskDescend
[ 78%] Built target ActuatorEffectiveness
[ 79%] Built target FlightTaskFailsafe
[ 80%] Built target FlightTaskUtility
[ 83%] Built target modules__ekf2
[ 83%] Built target modules__fw_pos_control_l1
[ 83%] Built target modules__mc_hover_thrust_estimator
[ 83%] Built target modules__mc_att_control
[ 83%] Built target vehicle_imu
[ 85%] Built target modules__mavlink
[ 85%] Built target drivers__pwm_out_sim
[ 86%] Built target modules__simulator
[ 86%] Built target systemcmds__tune_control
[ 88%] Built target vehicle_magnetometer
[ 88%] Built target vehicle_acceleration
[ 89%] Built target modules__fake_imu
[ 90%] Built target modules__control_allocator
[ 91%] Built target FlightTaskAuto
[ 92%] Built target modules__mc_pos_control
[ 92%] Built target vehicle_angular_velocity
[ 92%] Built target FlightTaskAutoFollowMe
[ 94%] Built target PreFlightCheck
[ 94%] Built target lib__controllib__controllib_test
[ 94%] Built target modules__mc_rate_control
[ 94%] Built target FlightTaskAutoLineSmoothVel
[ 94%] Built target FlightTaskTransition
[ 94%] Built target drivers__tone_alarm
[ 94%] Built target FlightTaskManualAltitude
[ 94%] Built target examples__fake_magnetometer
[ 94%] Built target FlightTaskManualAltitudeSmoothVel
[ 94%] Built target FlightTaskManualPosition
[ 96%] Built target modules__commander
[ 96%] Built target FlightTaskOrbit
[ 97%] Built target FlightTaskManualPositionSmoothVel
[ 97%] Built target modules__sensors
[ 97%] Built target FlightTaskManualAcceleration
[ 98%] Built target modules__navigator
[ 98%] Built target modules__flight_mode_manager
[100%] Built target px4
[100%] Built target examples__dyn_hello
