Performing C SOURCE FILE Test CMAKE_HAVE_LIBC_PTHREAD failed with the following output:
Change Dir: /home/umang/drone_ws/build/px4/CMakeFiles/CMakeTmp

Run Build Command(s):/usr/bin/make cmTC_28999/fast && /usr/bin/make -f CMakeFiles/cmTC_28999.dir/build.make CMakeFiles/cmTC_28999.dir/build
make[1]: Entering directory '/home/umang/drone_ws/build/px4/CMakeFiles/CMakeTmp'
Building C object CMakeFiles/cmTC_28999.dir/src.c.o
/usr/bin/cc -DcmTC_28999_EXPORTS  -DCMAKE_HAVE_LIBC_PTHREAD -fPIE   -o CMakeFiles/cmTC_28999.dir/src.c.o   -c /home/umang/drone_ws/build/px4/CMakeFiles/CMakeTmp/src.c
Linking C executable cmTC_28999
/usr/bin/cmake -E cmake_link_script CMakeFiles/cmTC_28999.dir/link.txt --verbose=1
/usr/bin/cc  -DCMAKE_HAVE_LIBC_PTHREAD   -fuse-ld=gold  -Wl,--export-dynamic -rdynamic CMakeFiles/cmTC_28999.dir/src.c.o  -o cmTC_28999 
CMakeFiles/cmTC_28999.dir/src.c.o:src.c:function main: error: undefined reference to 'pthread_create'
CMakeFiles/cmTC_28999.dir/src.c.o:src.c:function main: error: undefined reference to 'pthread_detach'
CMakeFiles/cmTC_28999.dir/src.c.o:src.c:function main: error: undefined reference to 'pthread_join'
collect2: error: ld returned 1 exit status
make[1]: *** [CMakeFiles/cmTC_28999.dir/build.make:87: cmTC_28999] Error 1
make[1]: Leaving directory '/home/umang/drone_ws/build/px4/CMakeFiles/CMakeTmp'
make: *** [Makefile:121: cmTC_28999/fast] Error 2


Source file was:
#include <pthread.h>

void* test_func(void* data)
{
  return data;
}

int main(void)
{
  pthread_t thread;
  pthread_create(&thread, NULL, test_func, NULL);
  pthread_detach(thread);
  pthread_join(thread, NULL);
  pthread_atfork(NULL, NULL, NULL);
  pthread_exit(NULL);

  return 0;
}

Determining if the function pthread_create exists in the pthreads failed with the following output:
Change Dir: /home/umang/drone_ws/build/px4/CMakeFiles/CMakeTmp

Run Build Command(s):/usr/bin/make cmTC_f4ec7/fast && /usr/bin/make -f CMakeFiles/cmTC_f4ec7.dir/build.make CMakeFiles/cmTC_f4ec7.dir/build
make[1]: Entering directory '/home/umang/drone_ws/build/px4/CMakeFiles/CMakeTmp'
Building C object CMakeFiles/cmTC_f4ec7.dir/CheckFunctionExists.c.o
/usr/bin/cc -DcmTC_f4ec7_EXPORTS  -DCHECK_FUNCTION_EXISTS=pthread_create -fPIE   -o CMakeFiles/cmTC_f4ec7.dir/CheckFunctionExists.c.o   -c /usr/share/cmake-3.16/Modules/CheckFunctionExists.c
Linking C executable cmTC_f4ec7
/usr/bin/cmake -E cmake_link_script CMakeFiles/cmTC_f4ec7.dir/link.txt --verbose=1
/usr/bin/cc  -DCHECK_FUNCTION_EXISTS=pthread_create   -fuse-ld=gold  -Wl,--export-dynamic -rdynamic CMakeFiles/cmTC_f4ec7.dir/CheckFunctionExists.c.o  -o cmTC_f4ec7  -lpthreads 
/usr/bin/ld.gold: error: cannot find -lpthreads
CMakeFiles/cmTC_f4ec7.dir/CheckFunctionExists.c.o:CheckFunctionExists.c:function main: error: undefined reference to 'pthread_create'
collect2: error: ld returned 1 exit status
make[1]: *** [CMakeFiles/cmTC_f4ec7.dir/build.make:87: cmTC_f4ec7] Error 1
make[1]: Leaving directory '/home/umang/drone_ws/build/px4/CMakeFiles/CMakeTmp'
make: *** [Makefile:121: cmTC_f4ec7/fast] Error 2



